<?xml version="1.0" encoding="UTF-8"?>
<!-- Generated by org.testng.reporters.JUnitReportReporter -->
<testsuite hostname="Pankaj-PC" failures="0" tests="1" name="ExecutionOrder.AnnotationTest" time="0.016" errors="0" timestamp="2024-04-16T18:48:09 IST" skipped="0">
  <testcase classname="ExecutionOrder.AnnotationTest" name="first" time="0.016"/>
</testsuite> <!-- ExecutionOrder.AnnotationTest -->
